7/2/2021, 2:42:09 PM - INFO - Server is running on port: 3030 
7/2/2021, 2:52:08 PM - INFO - Server is running on port: 3030 
7/3/2021, 12:35:14 PM - INFO - Server is running on port: 3030 
7/3/2021, 12:36:51 PM - INFO - Server is running on port: 3030 
7/3/2021, 12:41:05 PM - INFO - Server is running on port: 3030 
7/3/2021, 12:41:15 PM - INFO - Server is running on port: 3030 
7/3/2021, 12:41:31 PM - INFO - Server is running on port: 3030 
7/3/2021, 12:41:37 PM - INFO - Server is running on port: 3030 
7/3/2021, 12:43:01 PM - INFO - Server is running on port: 3030 
7/3/2021, 12:43:15 PM - INFO - Server is running on port: 3030 
7/3/2021, 12:43:18 PM - INFO - Server is running on port: 3030 
7/3/2021, 12:44:23 PM - INFO - Server is running on port: 3030 
7/3/2021, 12:44:32 PM - INFO - Server is running on port: 3030 
7/3/2021, 12:45:06 PM - INFO - Server is running on port: 3030 
7/3/2021, 12:46:33 PM - INFO - Server is running on port: 3030 
7/3/2021, 12:46:36 PM - INFO - Server is running on port: 3030 
7/3/2021, 12:46:39 PM - INFO - Server is running on port: 3030 
7/3/2021, 12:47:14 PM - INFO - Server is running on port: 3030 
7/3/2021, 12:51:58 PM - INFO - Server is running on port: 3030 
7/3/2021, 12:57:01 PM - INFO - Server is running on port: 3030 
7/3/2021, 12:57:04 PM - INFO - Server is running on port: 3030 
7/3/2021, 12:57:07 PM - INFO - Server is running on port: 3030 
7/3/2021, 1:32:58 PM - INFO - Server is running on port: 3030 
7/3/2021, 1:32:58 PM - ERROR - Failed to get planet | {} 
7/3/2021, 1:33:04 PM - ERROR - Failed to get planet | {} 
7/3/2021, 1:33:16 PM - ERROR - Failed to get planet | {} 
7/3/2021, 1:33:38 PM - INFO - Server is running on port: 3030 
7/3/2021, 1:33:44 PM - ERROR - Failed to get planet | {} 
7/3/2021, 1:34:26 PM - INFO - Server is running on port: 3030 
7/3/2021, 1:34:31 PM - ERROR - Failed to get planet | {} 
7/3/2021, 1:34:51 PM - INFO - Server is running on port: 3030 
7/3/2021, 1:35:38 PM - INFO - Server is running on port: 3030 
7/3/2021, 1:35:58 PM - INFO - Server is running on port: 3030 
7/3/2021, 1:36:43 PM - INFO - Server is running on port: 3030 
7/3/2021, 2:35:46 PM - INFO - Server is running on port: 3030 
7/4/2021, 8:53:24 PM - INFO - Server is running on port: 3030 
7/4/2021, 9:27:53 PM - ERROR - Failed to get planet | {} 
7/4/2021, 9:28:21 PM - ERROR - Failed to get planet | {} 
7/4/2021, 9:28:24 PM - ERROR - Failed to get planet | {} 
7/4/2021, 9:29:14 PM - ERROR - Failed to get planet | {} 
7/4/2021, 10:24:17 PM - INFO - Server is running on port: 3030 
7/7/2021, 7:45:13 PM - INFO - Server is running on port: 3030 
7/8/2021, 12:35:27 AM - INFO - Server is running on port: 3030 
7/9/2021, 4:22:20 PM - INFO - Server is running on port: 3030 
7/10/2021, 3:59:16 PM - INFO - Server is running on port: 3030 
7/10/2021, 6:15:50 PM - INFO - Server is running on port: 3030 
7/10/2021, 11:31:52 PM - INFO - Server is running on port: 3030 
7/11/2021, 8:08:34 AM - INFO - Server is running on port: 3030 
7/11/2021, 11:27:55 AM - INFO - Server is running on port: 3030 
7/11/2021, 12:36:15 PM - INFO - Server is running on port: 3030 
7/12/2021, 1:50:11 PM - INFO - Server is running on port: 3030 
7/12/2021, 1:50:41 PM - INFO - Server is running on port: 3030 
7/12/2021, 7:50:38 PM - INFO - Server is running on port: 3030 
7/12/2021, 10:02:48 PM - INFO - Server is running on port: 3030 
7/12/2021, 11:11:55 PM - INFO - Server is running on port: 3030 
7/14/2021, 5:46:14 PM - INFO - Server is running on port: 3030 
7/15/2021, 8:24:54 PM - INFO - Server is running on port: 3030 
7/15/2021, 8:25:37 PM - INFO - Server is running on port: 3030 
7/15/2021, 8:33:49 PM - INFO - Server is running on port: 3030 
7/15/2021, 8:35:17 PM - INFO - Server is running on port: 3030 
7/18/2021, 6:08:44 PM - INFO - Server is running on port: 3030 
7/18/2021, 8:01:13 PM - INFO - Server is running on port: 3030 
7/19/2021, 8:57:36 AM - INFO - Server is running on port: 3030 
7/19/2021, 5:26:13 PM - ERROR - Failed to get planet | {} 
7/19/2021, 6:05:53 PM - ERROR - Failed to get planet | {} 
7/19/2021, 6:06:48 PM - ERROR - Failed to get planet | {} 
7/19/2021, 6:07:05 PM - ERROR - Failed to get planet | {} 
7/19/2021, 6:08:03 PM - ERROR - Failed to get planet | {} 
7/19/2021, 6:09:12 PM - ERROR - Failed to get planet | {} 
7/19/2021, 6:09:15 PM - ERROR - Failed to get planet | {} 
7/19/2021, 6:09:17 PM - ERROR - Failed to get planet | {} 
7/19/2021, 6:09:25 PM - ERROR - Failed to get planet | {} 
7/19/2021, 6:16:46 PM - ERROR - Failed to get planet | {} 
7/19/2021, 6:16:55 PM - ERROR - Failed to get planet | {} 
7/19/2021, 6:16:57 PM - ERROR - Failed to get planet | {} 
7/19/2021, 6:17:23 PM - ERROR - Failed to get planet | {} 
7/19/2021, 6:17:55 PM - ERROR - Failed to get planet | {} 
7/19/2021, 6:18:01 PM - ERROR - Failed to get planet | {} 
7/19/2021, 6:18:23 PM - ERROR - Failed to get planet | {} 
7/19/2021, 6:18:26 PM - ERROR - Failed to get planet | {} 
7/19/2021, 6:18:54 PM - ERROR - Failed to get planet | {} 
7/19/2021, 6:19:39 PM - ERROR - Failed to get planet | {} 
7/19/2021, 6:19:43 PM - ERROR - Failed to get planet | {} 
7/19/2021, 6:19:46 PM - ERROR - Failed to get planet | {} 
7/19/2021, 6:19:59 PM - ERROR - Failed to get planet | {} 
7/19/2021, 6:19:59 PM - ERROR - Failed to get planet | {} 
7/19/2021, 6:20:24 PM - ERROR - Failed to get planet | {} 
7/19/2021, 6:20:53 PM - ERROR - Failed to get planet | {} 
7/19/2021, 6:20:54 PM - ERROR - Failed to get planet | {} 
7/19/2021, 6:21:18 PM - ERROR - Failed to get planet | {} 
7/19/2021, 6:21:20 PM - ERROR - Failed to get planet | {} 
7/19/2021, 6:23:52 PM - ERROR - Failed to get planet | {} 
7/19/2021, 8:42:19 PM - INFO - Server is running on port: 3030 
7/21/2021, 9:05:11 AM - INFO - Server is running on port: 3030 
7/21/2021, 5:12:50 PM - INFO - Server is running on port: 3030 
7/24/2021, 12:52:23 PM - INFO - Server is running on port: 3030 
7/24/2021, 1:17:53 PM - ERROR - Failed to get planet | {} 
7/24/2021, 3:57:59 PM - ERROR - Failed to get planet | {} 
7/24/2021, 10:53:12 PM - INFO - Server is running on port: 3030 
7/25/2021, 7:14:58 PM - INFO - Server is running on port: 3030 
7/26/2021, 1:17:23 AM - INFO - Server is running on port: 3030 
7/26/2021, 9:38:52 AM - INFO - Server is running on port: 3030 
7/26/2021, 8:20:49 PM - INFO - Server is running on port: 3030 
7/27/2021, 11:34:02 AM - INFO - Server is running on port: 3030 
7/27/2021, 11:38:39 AM - INFO - Server is running on port: 3030 
10/16/2021, 11:17:44 AM - INFO - Server is running on port: 3030 
10/16/2021, 11:46:08 AM - INFO - Server is running on port: 3030 
10/16/2021, 11:46:25 AM - INFO - Server is running on port: 3030 
10/17/2021, 9:23:55 AM - INFO - Server is running on port: 3030 
10/17/2021, 9:36:17 AM - INFO - Server is running on port: 3030 
10/17/2021, 9:36:46 AM - INFO - Server is running on port: 3030 
10/17/2021, 9:42:29 AM - INFO - Server is running on port: 3030 
10/17/2021, 9:42:46 AM - INFO - Server is running on port: 3030 
10/17/2021, 9:42:56 AM - INFO - Server is running on port: 3030 
10/17/2021, 9:47:54 AM - ERROR - Failed to get planet | {} 
10/17/2021, 9:47:54 AM - ERROR - Failed to get planet | {} 
10/17/2021, 9:47:54 AM - ERROR - Failed to get planet | {} 
10/17/2021, 9:54:33 AM - INFO - Server is running on port: 3030 
10/17/2021, 9:55:02 AM - INFO - Server is running on port: 3030 
10/17/2021, 9:55:07 AM - ERROR - Failed to get original planets | {} 
10/17/2021, 9:55:07 AM - ERROR - Failed to get original planets | {} 
10/17/2021, 9:55:07 AM - ERROR - Failed to get original planets | {} 
10/17/2021, 9:56:01 AM - INFO - Server is running on port: 3030 
10/17/2021, 10:00:50 AM - INFO - Server is running on port: 3030 
10/17/2021, 10:01:35 AM - INFO - Server is running on port: 3030 
10/17/2021, 10:02:04 AM - INFO - Server is running on port: 3030 
10/27/2021, 4:55:07 PM - INFO - Server is running on port: 3030 
10/27/2021, 4:56:20 PM - INFO - Server is running on port: 3030 
10/27/2021, 5:41:21 PM - ERROR - Failed to get planet | {} 
10/27/2021, 5:41:22 PM - ERROR - Failed to get planet | {} 
10/27/2021, 5:41:22 PM - ERROR - Failed to get planet | {} 
10/27/2021, 5:41:23 PM - ERROR - Failed to get planet | {} 
10/27/2021, 5:42:34 PM - ERROR - Failed to get planet | {} 
10/27/2021, 5:43:06 PM - ERROR - Failed to get planet | {} 
10/27/2021, 5:43:09 PM - ERROR - Failed to get planet | {} 
10/27/2021, 5:43:19 PM - ERROR - Failed to get planet | {} 
10/28/2021, 3:22:42 PM - INFO - Server is running on port: 3030 
10/28/2021, 3:38:35 PM - ERROR - Failed to get planet | {} 
10/28/2021, 3:38:37 PM - ERROR - Failed to get planet | {} 
10/28/2021, 3:45:45 PM - ERROR - Failed to get planet | {} 
10/28/2021, 3:45:56 PM - INFO - Server is running on port: 3030 
10/28/2021, 3:46:01 PM - ERROR - Failed to get planet | {} 
10/28/2021, 3:47:49 PM - ERROR - Failed to get planet | {} 
10/28/2021, 3:48:03 PM - ERROR - Failed to get planet | {} 
10/28/2021, 3:48:47 PM - ERROR - Failed to get planet | {} 
10/28/2021, 3:49:06 PM - ERROR - Failed to get planet | {} 
10/28/2021, 3:49:17 PM - ERROR - Failed to get planet | {} 
10/28/2021, 3:49:27 PM - ERROR - Failed to get planet | {} 
10/28/2021, 3:49:28 PM - ERROR - Failed to get planet | {} 
10/28/2021, 3:49:49 PM - ERROR - Failed to get planet | {} 
10/28/2021, 3:49:59 PM - ERROR - Failed to get planet | {} 
10/28/2021, 3:51:08 PM - ERROR - Failed to get planet | {} 
10/28/2021, 3:51:20 PM - ERROR - Failed to get planet | {} 
10/30/2021, 9:39:49 AM - INFO - Server is running on port: 3030 
10/30/2021, 1:17:18 PM - INFO - Server is running on port: 3030 
10/30/2021, 1:17:39 PM - INFO - Server is running on port: 3030 
10/30/2021, 1:18:16 PM - INFO - Server is running on port: 3030 
10/30/2021, 1:34:51 PM - INFO - Server is running on port: 3030 
10/30/2021, 1:35:20 PM - INFO - Server is running on port: 3030 
10/30/2021, 2:29:44 PM - INFO - Server is running on port: 3030 
10/30/2021, 2:30:50 PM - INFO - Server is running on port: 3030 
10/30/2021, 2:33:09 PM - INFO - Server is running on port: 3030 
10/30/2021, 2:33:33 PM - INFO - Server is running on port: 3030 
10/30/2021, 2:33:37 PM - INFO - Server is running on port: 3030 
10/30/2021, 2:35:38 PM - INFO - Server is running on port: 3030 
10/30/2021, 2:35:59 PM - INFO - Server is running on port: 3030 
10/30/2021, 2:36:13 PM - INFO - Server is running on port: 3030 
10/30/2021, 2:56:55 PM - INFO - Server is running on port: 3030 
11/1/2021, 5:48:51 PM - INFO - Server is running on port: 3030 
11/1/2021, 6:43:47 PM - INFO - Server is running on port: 3030 
11/14/2021, 12:11:51 PM - INFO - Server is running on port: 3030 
11/14/2021, 12:34:45 PM - INFO - Server is running on port: 3030 
11/14/2021, 12:34:54 PM - INFO - Server is running on port: 3030 
11/14/2021, 12:35:09 PM - INFO - Server is running on port: 3030 
11/14/2021, 12:35:44 PM - INFO - Server is running on port: 3030 
11/14/2021, 12:35:50 PM - INFO - Server is running on port: 3030 
11/14/2021, 12:37:47 PM - INFO - Server is running on port: 3030 
11/14/2021, 12:37:51 PM - INFO - Server is running on port: 3030 
11/14/2021, 12:37:52 PM - INFO - Server is running on port: 3030 
11/14/2021, 12:37:53 PM - INFO - Server is running on port: 3030 
